{
  "RSpec": {
    "coverage": {
      "/Users/macbook/RubymineProjects/recrutamento-ruby-jya-jhonatannascimento94/app/controllers/v1/events_controller.rb": [
        1,
        1,
        1,
        1,
        1,
        1,
        null,
        1,
        null,
        null,
        1,
        2,
        2,
        2,
        null,
        2,
        1,
        null,
        1,
        null,
        null,
        null,
        null
      ],
      "/Users/macbook/RubymineProjects/recrutamento-ruby-jya-jhonatannascimento94/app/controllers/application_controller.rb": [
        1,
        1,
        null,
        1,
        null,
        3,
        null,
        null,
        3,
        0,
        null,
        null,
        3,
        1,
        null,
        null,
        null
      ],
      "/Users/macbook/RubymineProjects/recrutamento-ruby-jya-jhonatannascimento94/app/controllers/concerns/response.rb": [
        1,
        1,
        6,
        null,
        null,
        1,
        null,
        null,
        null,
        null,
        1,
        null,
        null,
        1,
        1,
        null,
        null
      ],
      "/Users/macbook/RubymineProjects/recrutamento-ruby-jya-jhonatannascimento94/app/controllers/v1/webhooks_controller.rb": [
        1,
        1,
        1,
        null,
        1,
        2,
        2,
        2,
        null,
        1,
        1,
        null,
        null,
        1,
        null,
        1,
        2,
        2,
        2,
        null,
        2,
        null,
        null,
        null,
        null
      ],
      "/Users/macbook/RubymineProjects/recrutamento-ruby-jya-jhonatannascimento94/app/models/event.rb": [
        1,
        1,
        1,
        1,
        null,
        1,
        null,
        1,
        1,
        1,
        null,
        1,
        null,
        4,
        null
      ],
      "/Users/macbook/RubymineProjects/recrutamento-ruby-jya-jhonatannascimento94/app/models/application_record.rb": [
        1,
        1,
        null
      ],
      "/Users/macbook/RubymineProjects/recrutamento-ruby-jya-jhonatannascimento94/app/models/organization.rb": [
        1,
        1,
        null,
        1,
        null
      ],
      "/Users/macbook/RubymineProjects/recrutamento-ruby-jya-jhonatannascimento94/app/models/repository.rb": [
        1,
        1,
        null,
        1,
        null
      ],
      "/Users/macbook/RubymineProjects/recrutamento-ruby-jya-jhonatannascimento94/app/models/sender.rb": [
        1,
        1,
        null,
        1,
        null
      ],
      "/Users/macbook/RubymineProjects/recrutamento-ruby-jya-jhonatannascimento94/app/services/callback/event/build.rb": [
        1,
        1,
        1,
        1,
        3,
        3,
        3,
        null,
        null,
        null,
        null
      ],
      "/Users/macbook/RubymineProjects/recrutamento-ruby-jya-jhonatannascimento94/app/services/callback/event/validator.rb": [
        1,
        1,
        1,
        1,
        2,
        null,
        null,
        null,
        null
      ],
      "/Users/macbook/RubymineProjects/recrutamento-ruby-jya-jhonatannascimento94/app/services/callback/organization/build.rb": [
        1,
        1,
        1,
        1,
        1,
        1,
        null,
        null,
        null,
        null
      ],
      "/Users/macbook/RubymineProjects/recrutamento-ruby-jya-jhonatannascimento94/app/services/callback/organization/validator.rb": [
        1,
        1,
        1,
        1,
        2,
        null,
        null,
        null,
        null
      ],
      "/Users/macbook/RubymineProjects/recrutamento-ruby-jya-jhonatannascimento94/app/services/callback/repository/build.rb": [
        1,
        1,
        1,
        1,
        1,
        1,
        null,
        null,
        null,
        null
      ],
      "/Users/macbook/RubymineProjects/recrutamento-ruby-jya-jhonatannascimento94/app/services/callback/repository/validator.rb": [
        1,
        1,
        1,
        1,
        2,
        null,
        null,
        null,
        null
      ],
      "/Users/macbook/RubymineProjects/recrutamento-ruby-jya-jhonatannascimento94/app/services/callback/sender/build.rb": [
        1,
        1,
        1,
        1,
        1,
        1,
        null,
        null,
        null,
        null
      ],
      "/Users/macbook/RubymineProjects/recrutamento-ruby-jya-jhonatannascimento94/app/services/callback/sender/validator.rb": [
        1,
        1,
        1,
        1,
        2,
        null,
        null,
        null,
        null
      ],
      "/Users/macbook/RubymineProjects/recrutamento-ruby-jya-jhonatannascimento94/app/services/callback_issue_service.rb": [
        1,
        1,
        null,
        1,
        2,
        2,
        null,
        2,
        null,
        null,
        1,
        2,
        null,
        null,
        1,
        2,
        null,
        null,
        1,
        null,
        1,
        2,
        null,
        2,
        0,
        null,
        null,
        null,
        null,
        1,
        2,
        2,
        6,
        6,
        null,
        2,
        null,
        null,
        null
      ],
      "/Users/macbook/RubymineProjects/recrutamento-ruby-jya-jhonatannascimento94/app/jobs/application_job.rb": [
        0,
        0
      ]
    },
    "timestamp": 1549568518
  }
}
